2018-08-10 16:12:41:319 [main] DEBUG com.chq.o2o.dao.ProductDao.insertProduct - ==>  Preparing: INSERT INTO tb_product(product_name,product_desc,img_addr, normal_price,promotion_price,priority,create_time, last_edit_time,enable_status,point,product_category_id, shop_id) VALUES (?,?,?, ?,?,?,?, ?,?,?,?, ?) 
2018-08-10 16:18:33:188 [main] DEBUG com.chq.o2o.dao.ProductDao.insertProduct - ==>  Preparing: INSERT INTO tb_product(product_name,product_desc,img_addr, normal_price,promotion_price,priority,create_time, last_edit_time,enable_status,product_category_id, shop_id) VALUES (?,?,?, ?,?,?,?, ?,?,?, ?) 
2018-08-10 16:18:33:217 [main] DEBUG com.chq.o2o.dao.ProductDao.insertProduct - ==> Parameters: 测试商品(String), 测试商品1(String), upload\item\shop\1\2018081016183222010.png(String), null, null, 20(Integer), 2018-08-10 16:18:32.94(Timestamp), 2018-08-10 16:18:32.94(Timestamp), 1(Integer), 1(Long), 1(Long)
2018-08-10 16:18:33:235 [main] DEBUG com.chq.o2o.dao.ProductDao.insertProduct - <==    Updates: 1
2018-08-10 16:23:59:088 [main] DEBUG com.chq.o2o.dao.ProductDao.insertProduct - ==>  Preparing: INSERT INTO tb_product(product_name,product_desc,img_addr, normal_price,promotion_price,priority,create_time, last_edit_time,enable_status,product_category_id, shop_id) VALUES (?,?,?, ?,?,?,?, ?,?,?, ?) 
2018-08-10 16:23:59:121 [main] DEBUG com.chq.o2o.dao.ProductDao.insertProduct - ==> Parameters: 测试商品(String), 测试商品1(String), upload\item\shop\1\2018081016235831823.png(String), null, null, 20(Integer), 2018-08-10 16:23:58.781(Timestamp), 2018-08-10 16:23:58.781(Timestamp), 1(Integer), 1(Long), 1(Long)
2018-08-10 16:23:59:123 [main] DEBUG com.chq.o2o.dao.ProductDao.insertProduct - <==    Updates: 1
2018-08-10 16:27:47:804 [main] DEBUG com.chq.o2o.dao.ProductDao.insertProduct - ==>  Preparing: INSERT INTO tb_product(product_name,product_desc,img_addr, normal_price,promotion_price,priority,create_time, last_edit_time,enable_status,product_category_id, shop_id) VALUES (?,?,?, ?,?,?,?, ?,?,?, ?) 
2018-08-10 16:27:47:841 [main] DEBUG com.chq.o2o.dao.ProductDao.insertProduct - ==> Parameters: 测试商品(String), 测试商品1(String), upload\item\shop\1\2018081016274769456.png(String), null, null, 20(Integer), 2018-08-10 16:27:47.525(Timestamp), 2018-08-10 16:27:47.525(Timestamp), 1(Integer), 1(Long), 1(Long)
2018-08-10 16:27:47:848 [main] DEBUG com.chq.o2o.dao.ProductDao.insertProduct - <==    Updates: 1
2018-08-10 16:28:16:747 [main] DEBUG com.chq.o2o.dao.ProductDao.insertProduct - ==>  Preparing: INSERT INTO tb_product(product_name,product_desc,img_addr, normal_price,promotion_price,priority,create_time, last_edit_time,enable_status,product_category_id, shop_id) VALUES (?,?,?, ?,?,?,?, ?,?,?, ?) 
2018-08-10 16:28:16:756 [main] DEBUG com.chq.o2o.dao.ProductDao.insertProduct - ==> Parameters: 测试商品(String), 测试商品1(String), upload\item\shop\1\2018081016281448909.png(String), null, null, 20(Integer), 2018-08-10 16:28:14.445(Timestamp), 2018-08-10 16:28:14.445(Timestamp), 1(Integer), 1(Long), 1(Long)
2018-08-10 16:28:16:759 [main] DEBUG com.chq.o2o.dao.ProductDao.insertProduct - <==    Updates: 1
2018-08-10 16:28:44:556 [main] DEBUG com.chq.o2o.dao.ProductDao.insertProduct - ==>  Preparing: INSERT INTO tb_product(product_name,product_desc,img_addr, normal_price,promotion_price,priority,create_time, last_edit_time,enable_status,product_category_id, shop_id) VALUES (?,?,?, ?,?,?,?, ?,?,?, ?) 
2018-08-10 16:28:44:586 [main] DEBUG com.chq.o2o.dao.ProductDao.insertProduct - ==> Parameters: 测试商品(String), 测试商品1(String), upload\item\shop\1\2018081016284432960.png(String), null, null, 20(Integer), 2018-08-10 16:28:44.324(Timestamp), 2018-08-10 16:28:44.324(Timestamp), 1(Integer), 1(Long), 1(Long)
2018-08-10 16:28:44:594 [main] DEBUG com.chq.o2o.dao.ProductDao.insertProduct - <==    Updates: 1
2018-08-10 16:31:21:971 [main] DEBUG com.chq.o2o.dao.ProductDao.insertProduct - ==>  Preparing: INSERT INTO tb_product(product_name,product_desc,img_addr, normal_price,promotion_price,priority,create_time, last_edit_time,enable_status,product_category_id, shop_id) VALUES (?,?,?, ?,?,?,?, ?,?,?, ?) 
2018-08-10 16:31:22:001 [main] DEBUG com.chq.o2o.dao.ProductDao.insertProduct - ==> Parameters: 测试商品(String), 测试商品1(String), upload\item\shop\1\2018081016312199037.png(String), null, null, 20(Integer), 2018-08-10 16:31:21.738(Timestamp), 2018-08-10 16:31:21.738(Timestamp), 1(Integer), 1(Long), 1(Long)
2018-08-10 16:31:22:009 [main] DEBUG com.chq.o2o.dao.ProductDao.insertProduct - <==    Updates: 1
2018-08-10 16:32:18:111 [main] DEBUG com.chq.o2o.dao.ProductDao.insertProduct - ==>  Preparing: INSERT INTO tb_product(product_name,product_desc,img_addr, normal_price,promotion_price,priority,create_time, last_edit_time,enable_status,product_category_id, shop_id) VALUES (?,?,?, ?,?,?,?, ?,?,?, ?) 
2018-08-10 16:32:18:145 [main] DEBUG com.chq.o2o.dao.ProductDao.insertProduct - ==> Parameters: 测试商品(String), 测试商品1(String), upload\item\shop\1\2018081016321794271.png(String), null, null, 20(Integer), 2018-08-10 16:32:17.83(Timestamp), 2018-08-10 16:32:17.83(Timestamp), 1(Integer), 1(Long), 1(Long)
2018-08-10 16:32:18:152 [main] DEBUG com.chq.o2o.dao.ProductDao.insertProduct - <==    Updates: 1
2018-08-10 16:32:18:421 [main] DEBUG c.chq.o2o.dao.ProductImgDao.batchInsertProductImg - ==>  Preparing: INSERT INTO tb_product_img(img_addr,img_desc,priority, create_time,product_id) VALUES ( ?, ?, ?, ?, ? ) , ( ?, ?, ?, ?, ? ) 
2018-08-10 16:32:18:423 [main] DEBUG c.chq.o2o.dao.ProductImgDao.batchInsertProductImg - ==> Parameters: upload\item\shop\1\2018081016321840729.png(String), null, null, 2018-08-10 16:32:18.295(Timestamp), 7(Long), upload\item\shop\1\2018081016321825511.jpg(String), null, null, 2018-08-10 16:32:18.399(Timestamp), 7(Long)
2018-08-10 16:32:18:433 [main] DEBUG c.chq.o2o.dao.ProductImgDao.batchInsertProductImg - <==    Updates: 2
2018-08-10 16:32:18:435 [main] DEBUG c.c.o.d.P.batchInsertProductImg!selectKey - ==>  Preparing: SELECT LAST_INSERT_ID() 
2018-08-10 16:32:18:435 [main] DEBUG c.c.o.d.P.batchInsertProductImg!selectKey - ==> Parameters: 
2018-08-10 16:32:18:453 [main] DEBUG c.c.o.d.P.batchInsertProductImg!selectKey - <==      Total: 1
2018-08-10 16:42:33:055 [main] DEBUG com.chq.o2o.dao.ProductDao.insertProduct - ==>  Preparing: INSERT INTO tb_product(product_name,product_desc,img_addr, normal_price,promotion_price,priority,create_time, last_edit_time,enable_status,product_category_id, shop_id) VALUES (?,?,?, ?,?,?,?, ?,?,?, ?) 
2018-08-10 16:42:33:091 [main] DEBUG com.chq.o2o.dao.ProductDao.insertProduct - ==> Parameters: 测试商品(String), 测试商品1(String), upload\item\shop\1\2018081016423227491.png(String), null, null, 20(Integer), 2018-08-10 16:42:32.812(Timestamp), 2018-08-10 16:42:32.812(Timestamp), 1(Integer), 1(Long), 1(Long)
2018-08-10 16:42:33:099 [main] DEBUG com.chq.o2o.dao.ProductDao.insertProduct - <==    Updates: 1
2018-08-10 16:42:33:323 [main] DEBUG c.chq.o2o.dao.ProductImgDao.batchInsertProductImg - ==>  Preparing: INSERT INTO tb_product_img(img_addr,img_desc,priority, create_time,product_id) VALUES ( ?, ?, ?, ?, ? ) , ( ?, ?, ?, ?, ? ) 
2018-08-10 16:42:33:324 [main] DEBUG c.chq.o2o.dao.ProductImgDao.batchInsertProductImg - ==> Parameters: upload\item\shop\1\2018081016423381368.png(String), null, null, 2018-08-10 16:42:33.221(Timestamp), 8(Long), upload\item\shop\1\2018081016423331737.jpg(String), null, null, 2018-08-10 16:42:33.303(Timestamp), 8(Long)
2018-08-10 16:42:33:330 [main] DEBUG c.chq.o2o.dao.ProductImgDao.batchInsertProductImg - <==    Updates: 2
2018-08-10 16:42:33:331 [main] DEBUG c.c.o.d.P.batchInsertProductImg!selectKey - ==>  Preparing: SELECT LAST_INSERT_ID() 
2018-08-10 16:42:33:332 [main] DEBUG c.c.o.d.P.batchInsertProductImg!selectKey - ==> Parameters: 
2018-08-10 16:42:33:340 [main] DEBUG c.c.o.d.P.batchInsertProductImg!selectKey - <==      Total: 1
